RP/0/RP0/CPU0:MKSKM-BGCE-02#show inventory
Fri Dec 31 04:08:27.275 WITA
NAME: "0/0", DESCR: "NCS 5500 24x100GE and 12x40G Line Card"
PID: NC55-24H12F-SE    , VID: V03, SN: JAE21230434

NAME: "FortyGigE0/0/0/0", DESCR: "Cisco QSFP+ 40G CSR4 Pluggable Optics Module"
PID: QSFP-40G-CSR4     , VID: V03, SN: AVP2205S0YX

NAME: "FortyGigE0/0/0/1", DESCR: "Cisco QSFP+ 40G CSR4 Pluggable Optics Module"
PID: QSFP-40G-CSR4     , VID: V03, SN: AVP2205S0Z1

NAME: "HundredGigE0/0/0/3", DESCR: "Cisco QSFP28 100G LR4 Pluggable Optics Module"
PID: QSFP-100G-LR4-S   , VID: V01, SN: FNS214007Y6

NAME: "HundredGigE0/0/0/4", DESCR: "Cisco QSFP28 100G LR4 Pluggable Optics Module"
PID: QSFP-100G-LR4-S   , VID: V02, SN: FNS23360973

NAME: "HundredGigE0/0/0/6", DESCR: "Cisco QSFP28 100G PSM4 PARALLEL SMF Pluggable Optics Module"
PID: QSFP-100G-PSM4-S  , VID: V02, SN: CVR2505006P

NAME: "HundredGigE0/0/0/7", DESCR: "Cisco QSFP28 100G PSM4 PARALLEL SMF Pluggable Optics Module"
PID: QSFP-100G-PSM4-S  , VID: V02, SN: CVR2505006N

NAME: "FortyGigE0/0/0/8", DESCR: "Cisco QSFP+ 40G CSR4 Pluggable Optics Module"
PID: QSFP-40G-CSR4     , VID: V03, SN: FIW240300ZZ

NAME: "FortyGigE0/0/0/9", DESCR: "Cisco QSFP+ 40G CSR4 Pluggable Optics Module"
PID: QSFP-40G-CSR4     , VID: V03, SN: FIW240201RS

NAME: "FortyGigE0/0/0/10", DESCR: "Cisco QSFP+ 40G CSR4 Pluggable Optics Module"
PID: QSFP-40G-CSR4     , VID: V03, SN: FIW220502N2

NAME: "FortyGigE0/0/0/11", DESCR: "Cisco QSFP+ 40G CSR4 Pluggable Optics Module"
PID: QSFP-40G-CSR4     , VID: V03, SN: FIW220502RZ

NAME: "HundredGigE0/0/0/12", DESCR: "Cisco QSFP28 100G SR4 Pluggable Optics Module"
PID: QSFP-100G-SR4-S   , VID: V03, SN: INL23400163
          
NAME: "HundredGigE0/0/0/13", DESCR: "Cisco QSFP28 100G LR4 Pluggable Optics Module"
PID: QSFP-100G-LR4-S   , VID: V02, SN: FNS23360AJ2

NAME: "HundredGigE0/0/0/14", DESCR: "Cisco QSFP28 100G SR4 Pluggable Optics Module"
PID: QSFP-100G-SR4-S   , VID: V03, SN: INL23452477

NAME: "HundredGigE0/0/0/15", DESCR: "Cisco QSFP28 100G LR4 Pluggable Optics Module"
PID: QSFP-100G-LR4-S   , VID: V02, SN: FNS23360AHY

NAME: "HundredGigE0/0/0/16", DESCR: "Cisco QSFP28 100G SR4 Pluggable Optics Module"
PID: QSFP-100G-SR4-S   , VID: V03, SN: AVF2338S0FL

NAME: "HundredGigE0/0/0/17", DESCR: "Cisco QSFP28 100G SR4 Pluggable Optics Module"
PID: QSFP-100G-SR4-S   , VID: V03, SN: INL2502K2JD

NAME: "FortyGigE0/0/0/18", DESCR: "Cisco QSFP+ 40G CSR4 Pluggable Optics Module"
PID: QSFP-40G-CSR4     , VID: V03, SN: FIW220502Y7

NAME: "FortyGigE0/0/0/19", DESCR: "Cisco QSFP+ 40G CSR4 Pluggable Optics Module"
PID: QSFP-40G-CSR4     , VID: V03, SN: FIW220502S1

NAME: "HundredGigE0/0/0/20", DESCR: "Cisco QSFP28 100G PSM4 PARALLEL SMF Pluggable Optics Module"
PID: QSFP-100G-PSM4-S  , VID: V01, SN: CVR2025009M

NAME: "HundredGigE0/0/0/21", DESCR: "Cisco QSFP28 100G PSM4 PARALLEL SMF Pluggable Optics Module"
PID: QSFP-100G-PSM4-S  , VID: V01, SN: CVR2026000E

NAME: "HundredGigE0/0/0/22", DESCR: "Cisco QSFP28 100G SR4 Pluggable Optics Module"
PID: QSFP-100G-SR4-S   , VID: V03, SN: INL23451779

NAME: "HundredGigE0/0/0/23", DESCR: "Cisco QSFP28 100G SR4 Pluggable Optics Module"
PID: QSFP-100G-SR4-S   , VID: V03, SN: INL2502K23N

NAME: "HundredGigE0/0/0/24", DESCR: "Cisco QSFP28 100G SR4 Pluggable Optics Module"
PID: QSFP-100G-SR4-S   , VID: V03, SN: AVF2338S0DS

NAME: "FortyGigE0/0/0/27", DESCR: "Cisco QSFP+ 40G CSR4 Pluggable Optics Module"
PID: QSFP-40G-CSR4     , VID: V03, SN: FIW2206002U

NAME: "FortyGigE0/0/0/28", DESCR: "Cisco QSFP+ 40G CSR4 Pluggable Optics Module"
PID: QSFP-40G-CSR4     , VID: V03, SN: FIW220502P6

NAME: "HundredGigE0/0/0/30", DESCR: "Cisco QSFP28 100G SR4 Pluggable Optics Module"
PID: QSFP-100G-SR4-S   , VID: V03, SN: INL23400375

NAME: "HundredGigE0/0/0/34", DESCR: "Cisco QSFP28 100G SR4 Pluggable Optics Module"
PID: QSFP-100G-SR4-S   , VID: V02, SN: AVF2146S4RZ

NAME: "HundredGigE0/0/0/35", DESCR: "Cisco QSFP28 100G SR4 Pluggable Optics Module"
PID: QSFP-100G-SR4-S   , VID: V02, SN: AVF2146S37M

NAME: "0/RP0", DESCR: "NCS 5500 Route Processor"
PID: NC55-RP           , VID: V01, SN: FOC21192KMW

NAME: "0/RP1", DESCR: "NCS 5500 Route Processor"
PID: NC55-RP           , VID: V01, SN: FOC211831PZ

NAME: "0/FC0", DESCR: "NCS 5508 Fabric Card"
PID: NC55-5508-FC      , VID: V02, SN: JAE2206092J

NAME: "0/FC1", DESCR: "NCS 5508 Fabric Card"
PID: NC55-5508-FC      , VID: V02, SN: JAE22020EF1

NAME: "0/FC2", DESCR: "NCS 5508 Fabric Card"
PID: NC55-5508-FC      , VID: V02, SN: JAE22020EEV

NAME: "0/FC3", DESCR: "NCS 5508 Fabric Card"
PID: NC55-5508-FC      , VID: V02, SN: JAE2206092M

NAME: "0/FC4", DESCR: "NCS 5508 Fabric Card"
PID: NC55-5508-FC      , VID: V01, SN: SAL1948U3ZS

NAME: "0/FC5", DESCR: "NCS 5508 Fabric Card"
PID: NC55-5508-FC      , VID: V02, SN: JAE2206091E

NAME: "0/SC0", DESCR: "NCS 5500 System Controller"
PID: NC55-SC           , VID: V01, SN: FOC211276NN

NAME: "0/SC1", DESCR: "NCS 5500 System Controller"
PID: NC55-SC           , VID: V01, SN: FOC211276PJ

NAME: "Rack 0", DESCR: "NCS5500 8 Slot Single Chassis"
PID: NCS-5508          , VID: V02, SN: FGE21332HAZ

NAME: "0/FT0", DESCR: "NCS 5508 Fan Tray"
PID: NC55-5508-FAN     , VID: V01, SN: FGE21332GSX

NAME: "0/FT1", DESCR: "NCS 5508 Fan Tray"
PID: NC55-5508-FAN     , VID: V01, SN: FGE21332GT5

NAME: "0/FT2", DESCR: "NCS 5508 Fan Tray"
PID: NC55-5508-FAN     , VID: V01, SN: FGE21332GT2

NAME: "0/PM0", DESCR: "NCS 5500 3KW DC Power Supply"
PID: NC55-PWR-3KW-DC   , VID: V01, SN: DTM213402ZF

NAME: "0/PM1", DESCR: "NCS 5500 3KW DC Power Supply"
PID: NC55-PWR-3KW-DC   , VID: V01, SN: DTM212901MQ

NAME: "0/PM2", DESCR: "NCS 5500 3KW DC Power Supply"
PID: NC55-PWR-3KW-DC   , VID: V01, SN: DTM2129017V

NAME: "0/PM3", DESCR: "NCS 5500 3KW DC Power Supply"
PID: NC55-PWR-3KW-DC   , VID: V01, SN: DTM21340308
          
NAME: "0/PM4", DESCR: "NCS 5500 3KW DC Power Supply"
PID: NC55-PWR-3KW-DC   , VID: V01, SN: DTM213402YV

NAME: "0/PM5", DESCR: "NCS 5500 3KW DC Power Supply"
PID: NC55-PWR-3KW-DC   , VID: V01, SN: DTM213402Y9

