RP/0/RP0/CPU0:MKSKM-BGCE-01#show inventory
Fri Dec 31 04:08:11.965 WITA
NAME: "0/0", DESCR: "NCS 5500 24x100GE and 12x40G Line Card"
PID: NC55-24H12F-SE    , VID: V03, SN: JAE2125010E

NAME: "FortyGigE0/0/0/0", DESCR: "Cisco QSFP+ 40G CSR4 Pluggable Optics Module"
PID: QSFP-40G-CSR4     , VID: V03, SN: FIW22060014

NAME: "FortyGigE0/0/0/1", DESCR: "Cisco QSFP+ 40G CSR4 Pluggable Optics Module"
PID: QSFP-40G-CSR4     , VID: V03, SN: FIW220502Y8

NAME: "HundredGigE0/0/0/2", DESCR: "Cisco QSFP28 100G SR4 Pluggable Optics Module"
PID: QSFP-100G-SR4-S   , VID: V02, SN: AVF2146S3HC

NAME: "HundredGigE0/0/0/3", DESCR: "Cisco QSFP28 100G LR4 Pluggable Optics Module"
PID: QSFP-100G-LR4-S   , VID: V01, SN: FNS214007XW

NAME: "HundredGigE0/0/0/4", DESCR: "Cisco QSFP28 100G LR4 Pluggable Optics Module"
PID: QSFP-100G-LR4-S   , VID: V01, SN: FNS21400BQJ

NAME: "HundredGigE0/0/0/6", DESCR: "Cisco QSFP28 100G PSM4 PARALLEL SMF Pluggable Optics Module"
PID: QSFP-100G-PSM4-S  , VID: V01, SN: CVR221600J6

NAME: "HundredGigE0/0/0/7", DESCR: "Cisco QSFP28 100G PSM4 PARALLEL SMF Pluggable Optics Module"
PID: QSFP-100G-PSM4-S  , VID: V01, SN: CVR2207004F

NAME: "FortyGigE0/0/0/11", DESCR: "Cisco QSFP+ 40G CSR4 Pluggable Optics Module"
PID: QSFP-40G-CSR4     , VID: V03, SN: FIW220502YQ

NAME: "HundredGigE0/0/0/12", DESCR: "Cisco QSFP28 100G SR4 Pluggable Optics Module"
PID: QSFP-100G-SR4-S   , VID: V03, SN: INL23400080

NAME: "HundredGigE0/0/0/14", DESCR: "Cisco QSFP28 100G SR4 Pluggable Optics Module"
PID: QSFP-100G-SR4-S   , VID: V03, SN: INL23400325

NAME: "HundredGigE0/0/0/16", DESCR: "Cisco QSFP28 100G SR4 Pluggable Optics Module"
PID: QSFP-100G-SR4-S   , VID: V03, SN: AVF2338S0GG
          
NAME: "HundredGigE0/0/0/17", DESCR: "Cisco QSFP28 100G SR4 Pluggable Optics Module"
PID: QSFP-100G-SR4-S   , VID: V03, SN: INL2502K374

NAME: "FortyGigE0/0/0/18", DESCR: "Cisco QSFP+ 40G CSR4 Pluggable Optics Module"
PID: QSFP-40G-CSR4     , VID: V03, SN: FIW2206002R

NAME: "FortyGigE0/0/0/19", DESCR: "Cisco QSFP+ 40G CSR4 Pluggable Optics Module"
PID: QSFP-40G-CSR4     , VID: V03, SN: FIW22060004

NAME: "HundredGigE0/0/0/20", DESCR: "Cisco QSFP28 100G PSM4 PARALLEL SMF Pluggable Optics Module"
PID: QSFP-100G-PSM4-S  , VID: V01, SN: CVR2025009R

NAME: "HundredGigE0/0/0/21", DESCR: "Cisco QSFP28 100G PSM4 PARALLEL SMF Pluggable Optics Module"
PID: QSFP-100G-PSM4-S  , VID: V01, SN: CVR20260037

NAME: "HundredGigE0/0/0/22", DESCR: "Cisco QSFP28 100G SR4 Pluggable Optics Module"
PID: QSFP-100G-SR4-S   , VID: V03, SN: INL23400249

NAME: "HundredGigE0/0/0/23", DESCR: "Cisco QSFP28 100G SR4 Pluggable Optics Module"
PID: QSFP-100G-SR4-S   , VID: V03, SN: INL2502K3FH

NAME: "HundredGigE0/0/0/24", DESCR: "Cisco QSFP28 100G SR4 Pluggable Optics Module"
PID: QSFP-100G-SR4-S   , VID: V03, SN: AVF2338S0FK

NAME: "FortyGigE0/0/0/28", DESCR: "Cisco QSFP+ 40G CSR4 Pluggable Optics Module"
PID: QSFP-40G-CSR4     , VID: V03, SN: FIW220501V1

NAME: "HundredGigE0/0/0/30", DESCR: "Cisco QSFP28 100G SR4 Pluggable Optics Module"
PID: QSFP-100G-SR4-S   , VID: V03, SN: INL23431558

NAME: "HundredGigE0/0/0/34", DESCR: "Cisco QSFP28 100G SR4 Pluggable Optics Module"
PID: QSFP-100G-SR4-S   , VID: V02, SN: AVF2148S1DM

NAME: "HundredGigE0/0/0/35", DESCR: "Cisco QSFP28 100G SR4 Pluggable Optics Module"
PID: QSFP-100G-SR4-S   , VID: V02, SN: AVF2146S3HU

NAME: "0/RP0", DESCR: "NCS 5500 Route Processor"
PID: NC55-RP           , VID: V01, SN: FOC21252AFJ

NAME: "0/RP1", DESCR: "NCS 5500 Route Processor"
PID: NC55-RP           , VID: V01, SN: FOC21252ANB

NAME: "0/FC0", DESCR: "NCS 5508 Fabric Card"
PID: NC55-5508-FC      , VID: V03, SN: JAE221704BX

NAME: "0/FC1", DESCR: "NCS 5508 Fabric Card"
PID: NC55-5508-FC      , VID: V03, SN: JAE221704CR

NAME: "0/FC2", DESCR: "NCS 5508 Fabric Card"
PID: NC55-5508-FC      , VID: V03, SN: JAE221704D0

NAME: "0/FC3", DESCR: "NCS 5508 Fabric Card"
PID: NC55-5508-FC      , VID: V03, SN: JAE221704BC

NAME: "0/FC4", DESCR: "NCS 5508 Fabric Card"
PID: NC55-5508-FC      , VID: V03, SN: JAE22140EKW

NAME: "0/FC5", DESCR: "NCS 5508 Fabric Card"
PID: NC55-5508-FC      , VID: V03, SN: JAE221704D3

NAME: "0/SC0", DESCR: "NCS 5500 System Controller"
PID: NC55-SC           , VID: V01, SN: FOC21320XLQ

NAME: "0/SC1", DESCR: "NCS 5500 System Controller"
PID: NC55-SC           , VID: V01, SN: FOC21320XLS

NAME: "Rack 0", DESCR: "NCS5500 8 Slot Single Chassis"
PID: NCS-5508          , VID: V02, SN: FGE22124BWB

NAME: "0/FT0", DESCR: "NCS 5508 Fan Tray"
PID: NC55-5508-FAN     , VID: V01, SN: FGE21332HA6

NAME: "0/FT1", DESCR: "NCS 5508 Fan Tray"
PID: NC55-5508-FAN     , VID: V01, SN: FGE20340NE2

NAME: "0/FT2", DESCR: "NCS 5508 Fan Tray"
PID: NC55-5508-FAN     , VID: V01, SN: FGE20340NDR

NAME: "0/PM0", DESCR: "NCS 5500 3KW DC Power Supply"
PID: NC55-PWR-3KW-DC   , VID: V01, SN: DTM212901PT

NAME: "0/PM1", DESCR: "NCS 5500 3KW DC Power Supply"
PID: NC55-PWR-3KW-DC   , VID: V01, SN: DTM2129018M

NAME: "0/PM2", DESCR: "NCS 5500 3KW DC Power Supply"
PID: NC55-PWR-3KW-DC   , VID: V01, SN: DTM212901PJ

NAME: "0/PM3", DESCR: "NCS 5500 3KW DC Power Supply"
PID: NC55-PWR-3KW-DC   , VID: V01, SN: DTM2129018U

NAME: "0/PM4", DESCR: "NCS 5500 3KW DC Power Supply"
PID: NC55-PWR-3KW-DC   , VID: V01, SN: DTM2129019F

NAME: "0/PM5", DESCR: "NCS 5500 3KW DC Power Supply"
PID: NC55-PWR-3KW-DC   , VID: V01, SN: DTM2129019R

